[00:35:01.535] Global cache location '/home/xuhui/.cache/typescript/4.7', safe file path '/opt/node-v16.15.1-linux-x64/lib/node_modules/typescript/lib/typingSafeList.json', types map path /opt/node-v16.15.1-linux-x64/lib/node_modules/typescript/lib/typesMap.json
[00:35:01.535] Processing cache location '/home/xuhui/.cache/typescript/4.7'
[00:35:01.535] Trying to find '/home/xuhui/.cache/typescript/4.7/package.json'...
[00:35:01.536] Loaded content of '/home/xuhui/.cache/typescript/4.7/package.json': {"private":true,"dependencies":{"types-registry":"^0.1.669"},"devDependencies":{"@types/mysql":"^2.15.21","@types/sequelize":"^4.28.17","@types/sqlstring":"^2.3.0"}}
[00:35:01.536] Loaded content of '/home/xuhui/.cache/typescript/4.7/package-lock.json'
[00:35:01.548] Adding entry into typings cache: 'mysql' => '/home/xuhui/.cache/typescript/4.7/node_modules/@types/mysql/index.d.ts'
[00:35:01.554] Adding entry into typings cache: 'sequelize' => '/home/xuhui/.cache/typescript/4.7/node_modules/@types/sequelize/index.d.ts'
[00:35:01.555] Adding entry into typings cache: 'sqlstring' => '/home/xuhui/.cache/typescript/4.7/node_modules/@types/sqlstring/index.d.ts'
[00:35:01.556] Finished processing cache location '/home/xuhui/.cache/typescript/4.7'
[00:35:01.556] Process id: 111239
[00:35:01.556] NPM location: /opt/node-v16.15.1-linux-x64/bin/npm (explicit '--npmLocation' not  provided)
[00:35:01.556] validateDefaultNpmLocation: false
[00:35:01.557] Npm config file: /home/xuhui/.cache/typescript/4.7/package.json
[00:35:01.557] Updating types-registry npm package...
[00:35:01.557] Exec: /opt/node-v16.15.1-linux-x64/bin/npm install --ignore-scripts types-registry@latest
[00:35:06.873]     Succeeded. stdout:
    
    up to date, audited 10 packages in 5s

found 0 vulnerabilities

[00:35:06.874] Updated types-registry npm package
[00:35:06.936] Got install request {"projectName":"/dev/null/inferredProject1*","fileNames":["/opt/node-v16.15.1-linux-x64/lib/node_modules/typescript/lib/lib.es5.d.ts","/opt/node-v16.15.1-linux-x64/lib/node_modules/typescript/lib/lib.es2015.d.ts","/opt/node-v16.15.1-linux-x64/lib/node_modules/typescript/lib/lib.es2016.d.ts","/opt/node-v16.15.1-linux-x64/lib/node_modules/typescript/lib/lib.dom.d.ts","/opt/node-v16.15.1-linux-x64/lib/node_modules/typescript/lib/lib.dom.iterable.d.ts","/opt/node-v16.15.1-linux-x64/lib/node_modules/typescript/lib/lib.webworker.importscripts.d.ts","/opt/node-v16.15.1-linux-x64/lib/node_modules/typescript/lib/lib.scripthost.d.ts","/opt/node-v16.15.1-linux-x64/lib/node_modules/typescript/lib/lib.es2015.core.d.ts","/opt/node-v16.15.1-linux-x64/lib/node_modules/typescript/lib/lib.es2015.collection.d.ts","/opt/node-v16.15.1-linux-x64/lib/node_modules/typescript/lib/lib.es2015.generator.d.ts","/opt/node-v16.15.1-linux-x64/lib/node_modules/typescript/lib/lib.es2015.iterable.d.ts","/opt/node-v16.15.1-linux-x64/lib/node_modules/typescript/lib/lib.es2015.promise.d.ts","/opt/node-v16.15.1-linux-x64/lib/node_modules/typescript/lib/lib.es2015.proxy.d.ts","/opt/node-v16.15.1-linux-x64/lib/node_modules/typescript/lib/lib.es2015.reflect.d.ts","/opt/node-v16.15.1-linux-x64/lib/node_modules/typescript/lib/lib.es2015.symbol.d.ts","/opt/node-v16.15.1-linux-x64/lib/node_modules/typescript/lib/lib.es2015.symbol.wellknown.d.ts","/opt/node-v16.15.1-linux-x64/lib/node_modules/typescript/lib/lib.es2016.array.include.d.ts","/opt/node-v16.15.1-linux-x64/lib/node_modules/typescript/lib/lib.es2016.full.d.ts","/home/xuhui/js/mysqlConnection.js"],"compilerOptions":{"module":1,"target":3,"jsx":1,"allowJs":true,"allowSyntheticDefaultImports":true,"allowNonTsExtensions":true,"noEmitForJsFiles":true,"maxNodeModuleJsDepth":2},"typeAcquisition":{"enable":true,"include":[],"exclude":[]},"unresolvedImports":[],"projectRootPath":"/home/xuhui/js","kind":"discover"}
[00:35:06.952] Loaded safelist from types map file '/opt/node-v16.15.1-linux-x64/lib/node_modules/typescript/lib/typesMap.json'
[00:35:06.953] Explicitly included types: []
[00:35:06.954] Inferred typings from unresolved imports: []
[00:35:06.954] Result: {"cachedTypingPaths":[],"newTypingNames":[],"filesToWatch":["/home/xuhui/js/bower_components","/home/xuhui/js/node_modules"]}
[00:35:06.954] Finished typings discovery: {"cachedTypingPaths":[],"newTypingNames":[],"filesToWatch":["/home/xuhui/js/bower_components","/home/xuhui/js/node_modules"]}
[00:35:06.954] DirectoryWatcher:: Added:: WatchInfo: /home/xuhui/js/bower_components
[00:35:06.954] DirectoryWatcher:: Added:: WatchInfo: /home/xuhui/js/bower_components 1 undefined Project: /dev/null/inferredProject1* watcher already invoked: false
[00:35:06.956] Elapsed:: 1.193502001464367ms DirectoryWatcher:: Added:: WatchInfo: /home/xuhui/js/bower_components 1 undefined Project: /dev/null/inferredProject1* watcher already invoked: false
[00:35:06.956] DirectoryWatcher:: Added:: WatchInfo: /home/xuhui/js/node_modules
[00:35:06.956] DirectoryWatcher:: Added:: WatchInfo: /home/xuhui/js/node_modules 1 undefined Project: /dev/null/inferredProject1* watcher already invoked: false
[00:35:06.956] Elapsed:: 0.09159300103783607ms DirectoryWatcher:: Added:: WatchInfo: /home/xuhui/js/node_modules 1 undefined Project: /dev/null/inferredProject1* watcher already invoked: false
[00:35:06.956] Sending response:
    {"projectName":"/dev/null/inferredProject1*","typeAcquisition":{"enable":true,"include":[],"exclude":[]},"compilerOptions":{"module":1,"target":3,"jsx":1,"allowJs":true,"allowSyntheticDefaultImports":true,"allowNonTsExtensions":true,"noEmitForJsFiles":true,"maxNodeModuleJsDepth":2},"typings":[],"unresolvedImports":[],"kind":"action::set"}
[00:35:06.956] Response has been sent.
[00:35:06.957] No new typings were requested as a result of typings discovery
