[16:00:38.708] Global cache location '/home/xuhui/.cache/typescript/4.7', safe file path '/opt/node-v16.15.1-linux-x64/lib/node_modules/typescript/lib/typingSafeList.json', types map path /opt/node-v16.15.1-linux-x64/lib/node_modules/typescript/lib/typesMap.json
[16:00:38.709] Processing cache location '/home/xuhui/.cache/typescript/4.7'
[16:00:38.709] Trying to find '/home/xuhui/.cache/typescript/4.7/package.json'...
[16:00:38.710] Loaded content of '/home/xuhui/.cache/typescript/4.7/package.json': {"private":true,"dependencies":{"types-registry":"^0.1.670"},"devDependencies":{"@types/mysql":"^2.15.21","@types/sequelize":"^4.28.17","@types/sqlstring":"^2.3.0"}}
[16:00:38.711] Loaded content of '/home/xuhui/.cache/typescript/4.7/package-lock.json'
[16:00:38.731] Adding entry into typings cache: 'mysql' => '/home/xuhui/.cache/typescript/4.7/node_modules/@types/mysql/index.d.ts'
[16:00:38.735] Adding entry into typings cache: 'sequelize' => '/home/xuhui/.cache/typescript/4.7/node_modules/@types/sequelize/index.d.ts'
[16:00:38.736] Adding entry into typings cache: 'sqlstring' => '/home/xuhui/.cache/typescript/4.7/node_modules/@types/sqlstring/index.d.ts'
[16:00:38.736] Finished processing cache location '/home/xuhui/.cache/typescript/4.7'
[16:00:38.736] Process id: 343537
[16:00:38.736] NPM location: /opt/node-v16.15.1-linux-x64/bin/npm (explicit '--npmLocation' not  provided)
[16:00:38.736] validateDefaultNpmLocation: false
[16:00:38.736] Npm config file: /home/xuhui/.cache/typescript/4.7/package.json
[16:00:38.737] Updating types-registry npm package...
[16:00:38.737] Exec: /opt/node-v16.15.1-linux-x64/bin/npm install --ignore-scripts types-registry@latest
[16:00:45.477]     Succeeded. stdout:
    
    up to date, audited 10 packages in 6s

found 0 vulnerabilities

[16:00:45.477] Updated types-registry npm package
[16:00:45.529] Got install request {"projectName":"/dev/null/inferredProject1*","fileNames":["/opt/node-v16.15.1-linux-x64/lib/node_modules/typescript/lib/lib.es5.d.ts","/opt/node-v16.15.1-linux-x64/lib/node_modules/typescript/lib/lib.es2015.d.ts","/opt/node-v16.15.1-linux-x64/lib/node_modules/typescript/lib/lib.es2016.d.ts","/opt/node-v16.15.1-linux-x64/lib/node_modules/typescript/lib/lib.dom.d.ts","/opt/node-v16.15.1-linux-x64/lib/node_modules/typescript/lib/lib.dom.iterable.d.ts","/opt/node-v16.15.1-linux-x64/lib/node_modules/typescript/lib/lib.webworker.importscripts.d.ts","/opt/node-v16.15.1-linux-x64/lib/node_modules/typescript/lib/lib.scripthost.d.ts","/opt/node-v16.15.1-linux-x64/lib/node_modules/typescript/lib/lib.es2015.core.d.ts","/opt/node-v16.15.1-linux-x64/lib/node_modules/typescript/lib/lib.es2015.collection.d.ts","/opt/node-v16.15.1-linux-x64/lib/node_modules/typescript/lib/lib.es2015.generator.d.ts","/opt/node-v16.15.1-linux-x64/lib/node_modules/typescript/lib/lib.es2015.iterable.d.ts","/opt/node-v16.15.1-linux-x64/lib/node_modules/typescript/lib/lib.es2015.promise.d.ts","/opt/node-v16.15.1-linux-x64/lib/node_modules/typescript/lib/lib.es2015.proxy.d.ts","/opt/node-v16.15.1-linux-x64/lib/node_modules/typescript/lib/lib.es2015.reflect.d.ts","/opt/node-v16.15.1-linux-x64/lib/node_modules/typescript/lib/lib.es2015.symbol.d.ts","/opt/node-v16.15.1-linux-x64/lib/node_modules/typescript/lib/lib.es2015.symbol.wellknown.d.ts","/opt/node-v16.15.1-linux-x64/lib/node_modules/typescript/lib/lib.es2016.array.include.d.ts","/opt/node-v16.15.1-linux-x64/lib/node_modules/typescript/lib/lib.es2016.full.d.ts","/home/xuhui/js/mysqlConnection.js"],"compilerOptions":{"module":1,"target":3,"jsx":1,"allowJs":true,"allowSyntheticDefaultImports":true,"allowNonTsExtensions":true,"noEmitForJsFiles":true,"maxNodeModuleJsDepth":2},"typeAcquisition":{"enable":true,"include":[],"exclude":[]},"unresolvedImports":[],"projectRootPath":"/home/xuhui/js","kind":"discover"}
[16:00:45.551] Loaded safelist from types map file '/opt/node-v16.15.1-linux-x64/lib/node_modules/typescript/lib/typesMap.json'
[16:00:45.551] Explicitly included types: []
[16:00:45.552] Inferred typings from unresolved imports: []
[16:00:45.552] Result: {"cachedTypingPaths":[],"newTypingNames":[],"filesToWatch":["/home/xuhui/js/bower_components","/home/xuhui/js/node_modules"]}
[16:00:45.552] Finished typings discovery: {"cachedTypingPaths":[],"newTypingNames":[],"filesToWatch":["/home/xuhui/js/bower_components","/home/xuhui/js/node_modules"]}
[16:00:45.552] DirectoryWatcher:: Added:: WatchInfo: /home/xuhui/js/bower_components
[16:00:45.552] DirectoryWatcher:: Added:: WatchInfo: /home/xuhui/js/bower_components 1 undefined Project: /dev/null/inferredProject1* watcher already invoked: false
[16:00:45.554] Elapsed:: 1.4591300040483475ms DirectoryWatcher:: Added:: WatchInfo: /home/xuhui/js/bower_components 1 undefined Project: /dev/null/inferredProject1* watcher already invoked: false
[16:00:45.554] DirectoryWatcher:: Added:: WatchInfo: /home/xuhui/js/node_modules
[16:00:45.554] DirectoryWatcher:: Added:: WatchInfo: /home/xuhui/js/node_modules 1 undefined Project: /dev/null/inferredProject1* watcher already invoked: false
[16:00:45.555] Elapsed:: 0.1108969897031784ms DirectoryWatcher:: Added:: WatchInfo: /home/xuhui/js/node_modules 1 undefined Project: /dev/null/inferredProject1* watcher already invoked: false
[16:00:45.555] Sending response:
    {"projectName":"/dev/null/inferredProject1*","typeAcquisition":{"enable":true,"include":[],"exclude":[]},"compilerOptions":{"module":1,"target":3,"jsx":1,"allowJs":true,"allowSyntheticDefaultImports":true,"allowNonTsExtensions":true,"noEmitForJsFiles":true,"maxNodeModuleJsDepth":2},"typings":[],"unresolvedImports":[],"kind":"action::set"}
[16:00:45.555] Response has been sent.
[16:00:45.555] No new typings were requested as a result of typings discovery
