[14:29:12.104] Global cache location '/home/xuhui/.cache/typescript/4.7', safe file path '/opt/node-v16.15.1-linux-x64/lib/node_modules/typescript/lib/typingSafeList.json', types map path /opt/node-v16.15.1-linux-x64/lib/node_modules/typescript/lib/typesMap.json
[14:29:12.105] Processing cache location '/home/xuhui/.cache/typescript/4.7'
[14:29:12.105] Trying to find '/home/xuhui/.cache/typescript/4.7/package.json'...
[14:29:12.108] Loaded content of '/home/xuhui/.cache/typescript/4.7/package.json': {"private":true,"dependencies":{"types-registry":"^0.1.677"},"devDependencies":{"@types/angular":"^1.8.9","@types/archiver":"^6.0.2","@types/body":"^5.1.4","@types/body-parser":"^1.19.5","@types/bootstrap":"^5.2.10","@types/brace-expansion":"^1.1.2","@types/cookie":"^0.6.0","@types/cookie-parser":"^1.4.6","@types/err":"^2.1.2","@types/errorhandler":"^1.5.3","@types/eslint":"^8.56.0","@types/express":"^4.17.21","@types/gulp":"^4.0.17","@types/gulp-autoprefixer":"^0.0.37","@types/gulp-header":"^2.0.4","@types/gulp-rename":"^2.0.6","@types/inflight":"^1.0.1","@types/inherits":"^0.0.33","@types/jest":"^29.5.11","@types/merge-descriptors":"^1.0.3","@types/method-override":"^0.0.35","@types/mocha":"^10.0.6","@types/mockjs":"^1.0.10","@types/morgan":"^1.9.9","@types/mysql":"^2.15.24","@types/once":"^1.4.4","@types/path-is-absolute":"^1.0.2","@types/prompts":"^2.4.9","@types/request":"^2.48.12","@types/rethinkdb":"^2.3.21","@types/rx":"^4.1.4","@types/saslprep":"^1.0.3","@types/semver":"^7.5.6","@types/sequelize":"^4.28.17","@types/serve-static":"^1.15.5","@types/sqlite3":"^3.1.11","@types/sqlstring":"^2.3.0"}}
[14:29:12.108] Loaded content of '/home/xuhui/.cache/typescript/4.7/package-lock.json'
[14:29:12.125] Adding entry into typings cache: 'angular' => '/home/xuhui/.cache/typescript/4.7/node_modules/@types/angular/index.d.ts'
[14:29:12.129] Adding entry into typings cache: 'archiver' => '/home/xuhui/.cache/typescript/4.7/node_modules/@types/archiver/index.d.ts'
[14:29:12.131] Adding entry into typings cache: 'body' => '/home/xuhui/.cache/typescript/4.7/node_modules/@types/body/index.d.ts'
[14:29:12.134] Adding entry into typings cache: 'body-parser' => '/home/xuhui/.cache/typescript/4.7/node_modules/@types/body-parser/index.d.ts'
[14:29:12.136] Adding entry into typings cache: 'bootstrap' => '/home/xuhui/.cache/typescript/4.7/node_modules/@types/bootstrap/index.d.ts'
[14:29:12.138] Adding entry into typings cache: 'brace-expansion' => '/home/xuhui/.cache/typescript/4.7/node_modules/@types/brace-expansion/index.d.ts'
[14:29:12.140] Adding entry into typings cache: 'cookie' => '/home/xuhui/.cache/typescript/4.7/node_modules/@types/cookie/index.d.ts'
[14:29:12.142] Adding entry into typings cache: 'cookie-parser' => '/home/xuhui/.cache/typescript/4.7/node_modules/@types/cookie-parser/index.d.ts'
[14:29:12.149] Adding entry into typings cache: 'err' => '/home/xuhui/.cache/typescript/4.7/node_modules/@types/err/index.d.ts'
[14:29:12.152] Adding entry into typings cache: 'errorhandler' => '/home/xuhui/.cache/typescript/4.7/node_modules/@types/errorhandler/index.d.ts'
[14:29:12.155] Adding entry into typings cache: 'eslint' => '/home/xuhui/.cache/typescript/4.7/node_modules/@types/eslint/index.d.ts'
[14:29:12.157] Adding entry into typings cache: 'express' => '/home/xuhui/.cache/typescript/4.7/node_modules/@types/express/index.d.ts'
[14:29:12.163] Adding entry into typings cache: 'gulp' => '/home/xuhui/.cache/typescript/4.7/node_modules/@types/gulp/index.d.ts'
[14:29:12.164] Adding entry into typings cache: 'gulp-autoprefixer' => '/home/xuhui/.cache/typescript/4.7/node_modules/@types/gulp-autoprefixer/index.d.ts'
[14:29:12.165] Adding entry into typings cache: 'gulp-header' => '/home/xuhui/.cache/typescript/4.7/node_modules/@types/gulp-header/index.d.ts'
[14:29:12.167] Adding entry into typings cache: 'gulp-rename' => '/home/xuhui/.cache/typescript/4.7/node_modules/@types/gulp-rename/index.d.ts'
[14:29:12.168] Adding entry into typings cache: 'inflight' => '/home/xuhui/.cache/typescript/4.7/node_modules/@types/inflight/index.d.ts'
[14:29:12.169] Adding entry into typings cache: 'inherits' => '/home/xuhui/.cache/typescript/4.7/node_modules/@types/inherits/index.d.ts'
[14:29:12.174] Adding entry into typings cache: 'jest' => '/home/xuhui/.cache/typescript/4.7/node_modules/@types/jest/index.d.ts'
[14:29:12.177] Adding entry into typings cache: 'merge-descriptors' => '/home/xuhui/.cache/typescript/4.7/node_modules/@types/merge-descriptors/index.d.ts'
[14:29:12.178] Adding entry into typings cache: 'method-override' => '/home/xuhui/.cache/typescript/4.7/node_modules/@types/method-override/index.d.ts'
[14:29:12.179] Adding entry into typings cache: 'mocha' => '/home/xuhui/.cache/typescript/4.7/node_modules/@types/mocha/index.d.ts'
[14:29:12.180] Adding entry into typings cache: 'mockjs' => '/home/xuhui/.cache/typescript/4.7/node_modules/@types/mockjs/index.d.ts'
[14:29:12.181] Adding entry into typings cache: 'morgan' => '/home/xuhui/.cache/typescript/4.7/node_modules/@types/morgan/index.d.ts'
[14:29:12.182] Adding entry into typings cache: 'mysql' => '/home/xuhui/.cache/typescript/4.7/node_modules/@types/mysql/index.d.ts'
[14:29:12.184] Adding entry into typings cache: 'once' => '/home/xuhui/.cache/typescript/4.7/node_modules/@types/once/index.d.ts'
[14:29:12.185] Adding entry into typings cache: 'path-is-absolute' => '/home/xuhui/.cache/typescript/4.7/node_modules/@types/path-is-absolute/index.d.ts'
[14:29:12.186] Adding entry into typings cache: 'prompts' => '/home/xuhui/.cache/typescript/4.7/node_modules/@types/prompts/index.d.ts'
[14:29:12.187] Adding entry into typings cache: 'request' => '/home/xuhui/.cache/typescript/4.7/node_modules/@types/request/index.d.ts'
[14:29:12.188] Adding entry into typings cache: 'rethinkdb' => '/home/xuhui/.cache/typescript/4.7/node_modules/@types/rethinkdb/index.d.ts'
[14:29:12.189] Adding entry into typings cache: 'rx' => '/home/xuhui/.cache/typescript/4.7/node_modules/@types/rx/index.d.ts'
[14:29:12.190] Adding entry into typings cache: 'saslprep' => '/home/xuhui/.cache/typescript/4.7/node_modules/@types/saslprep/index.d.ts'
[14:29:12.191] Adding entry into typings cache: 'semver' => '/home/xuhui/.cache/typescript/4.7/node_modules/@types/semver/index.d.ts'
[14:29:12.193] Adding entry into typings cache: 'sequelize' => '/home/xuhui/.cache/typescript/4.7/node_modules/@types/sequelize/index.d.ts'
[14:29:12.194] Adding entry into typings cache: 'serve-static' => '/home/xuhui/.cache/typescript/4.7/node_modules/@types/serve-static/index.d.ts'
[14:29:12.194] Adding entry into typings cache: 'sqlite3' => '/home/xuhui/.cache/typescript/4.7/node_modules/@types/sqlite3/index.d.ts'
[14:29:12.195] Adding entry into typings cache: 'sqlstring' => '/home/xuhui/.cache/typescript/4.7/node_modules/@types/sqlstring/index.d.ts'
[14:29:12.195] Finished processing cache location '/home/xuhui/.cache/typescript/4.7'
[14:29:12.196] Process id: 783994
[14:29:12.196] NPM location: /opt/node-v16.15.1-linux-x64/bin/npm (explicit '--npmLocation' not  provided)
[14:29:12.196] validateDefaultNpmLocation: false
[14:29:12.196] Npm config file: /home/xuhui/.cache/typescript/4.7/package.json
[14:29:12.196] Updating types-registry npm package...
[14:29:12.196] Exec: /opt/node-v16.15.1-linux-x64/bin/npm install --ignore-scripts types-registry@latest
[14:29:14.563]     Succeeded. stdout:
    
    up to date, audited 154 packages in 2s

7 packages are looking for funding
  run `npm fund` for details

found 0 vulnerabilities

[14:29:14.563] Updated types-registry npm package
[14:29:15.598] Got install request {"projectName":"/dev/null/inferredProject1*","fileNames":["/opt/node-v16.15.1-linux-x64/lib/node_modules/typescript/lib/lib.es5.d.ts","/opt/node-v16.15.1-linux-x64/lib/node_modules/typescript/lib/lib.es2015.d.ts","/opt/node-v16.15.1-linux-x64/lib/node_modules/typescript/lib/lib.es2016.d.ts","/opt/node-v16.15.1-linux-x64/lib/node_modules/typescript/lib/lib.dom.d.ts","/opt/node-v16.15.1-linux-x64/lib/node_modules/typescript/lib/lib.dom.iterable.d.ts","/opt/node-v16.15.1-linux-x64/lib/node_modules/typescript/lib/lib.webworker.importscripts.d.ts","/opt/node-v16.15.1-linux-x64/lib/node_modules/typescript/lib/lib.scripthost.d.ts","/opt/node-v16.15.1-linux-x64/lib/node_modules/typescript/lib/lib.es2015.core.d.ts","/opt/node-v16.15.1-linux-x64/lib/node_modules/typescript/lib/lib.es2015.collection.d.ts","/opt/node-v16.15.1-linux-x64/lib/node_modules/typescript/lib/lib.es2015.generator.d.ts","/opt/node-v16.15.1-linux-x64/lib/node_modules/typescript/lib/lib.es2015.iterable.d.ts","/opt/node-v16.15.1-linux-x64/lib/node_modules/typescript/lib/lib.es2015.promise.d.ts","/opt/node-v16.15.1-linux-x64/lib/node_modules/typescript/lib/lib.es2015.proxy.d.ts","/opt/node-v16.15.1-linux-x64/lib/node_modules/typescript/lib/lib.es2015.reflect.d.ts","/opt/node-v16.15.1-linux-x64/lib/node_modules/typescript/lib/lib.es2015.symbol.d.ts","/opt/node-v16.15.1-linux-x64/lib/node_modules/typescript/lib/lib.es2015.symbol.wellknown.d.ts","/opt/node-v16.15.1-linux-x64/lib/node_modules/typescript/lib/lib.es2016.array.include.d.ts","/opt/node-v16.15.1-linux-x64/lib/node_modules/typescript/lib/lib.es2016.full.d.ts","/home/xuhui/js/mysqlConnection.js"],"compilerOptions":{"module":1,"target":3,"jsx":1,"allowJs":true,"allowSyntheticDefaultImports":true,"allowNonTsExtensions":true,"noEmitForJsFiles":true,"maxNodeModuleJsDepth":2},"typeAcquisition":{"enable":true,"include":[],"exclude":[]},"unresolvedImports":[],"projectRootPath":"/home/xuhui/js","kind":"discover"}
[14:29:15.617] Loaded safelist from types map file '/opt/node-v16.15.1-linux-x64/lib/node_modules/typescript/lib/typesMap.json'
[14:29:15.618] Explicitly included types: []
[14:29:15.620] Searching for typing names in /home/xuhui/js/node_modules; all files: []
[14:29:15.620]     Found package names: []
[14:29:15.621] Inferred typings from unresolved imports: []
[14:29:15.621] Result: {"cachedTypingPaths":[],"newTypingNames":[],"filesToWatch":["/home/xuhui/js/bower_components","/home/xuhui/js/node_modules"]}
[14:29:15.621] Finished typings discovery: {"cachedTypingPaths":[],"newTypingNames":[],"filesToWatch":["/home/xuhui/js/bower_components","/home/xuhui/js/node_modules"]}
[14:29:15.621] DirectoryWatcher:: Added:: WatchInfo: /home/xuhui/js/bower_components
[14:29:15.622] DirectoryWatcher:: Added:: WatchInfo: /home/xuhui/js/bower_components 1 undefined Project: /dev/null/inferredProject1* watcher already invoked: false
[14:29:15.623] Elapsed:: 1.3418440222740173ms DirectoryWatcher:: Added:: WatchInfo: /home/xuhui/js/bower_components 1 undefined Project: /dev/null/inferredProject1* watcher already invoked: false
[14:29:15.623] DirectoryWatcher:: Added:: WatchInfo: /home/xuhui/js/node_modules
[14:29:15.623] DirectoryWatcher:: Added:: WatchInfo: /home/xuhui/js/node_modules 1 undefined Project: /dev/null/inferredProject1* watcher already invoked: false
[14:29:15.624] Elapsed:: 0.5035790205001831ms DirectoryWatcher:: Added:: WatchInfo: /home/xuhui/js/node_modules 1 undefined Project: /dev/null/inferredProject1* watcher already invoked: false
[14:29:15.624] Sending response:
    {"projectName":"/dev/null/inferredProject1*","typeAcquisition":{"enable":true,"include":[],"exclude":[]},"compilerOptions":{"module":1,"target":3,"jsx":1,"allowJs":true,"allowSyntheticDefaultImports":true,"allowNonTsExtensions":true,"noEmitForJsFiles":true,"maxNodeModuleJsDepth":2},"typings":[],"unresolvedImports":[],"kind":"action::set"}
[14:29:15.624] Response has been sent.
[14:29:15.624] No new typings were requested as a result of typings discovery
[14:31:00.558] Got install request {"projectName":"/dev/null/inferredProject2*","fileNames":["/opt/node-v16.15.1-linux-x64/lib/node_modules/typescript/lib/lib.es5.d.ts","/opt/node-v16.15.1-linux-x64/lib/node_modules/typescript/lib/lib.es2015.d.ts","/opt/node-v16.15.1-linux-x64/lib/node_modules/typescript/lib/lib.es2016.d.ts","/opt/node-v16.15.1-linux-x64/lib/node_modules/typescript/lib/lib.dom.d.ts","/opt/node-v16.15.1-linux-x64/lib/node_modules/typescript/lib/lib.dom.iterable.d.ts","/opt/node-v16.15.1-linux-x64/lib/node_modules/typescript/lib/lib.webworker.importscripts.d.ts","/opt/node-v16.15.1-linux-x64/lib/node_modules/typescript/lib/lib.scripthost.d.ts","/opt/node-v16.15.1-linux-x64/lib/node_modules/typescript/lib/lib.es2015.core.d.ts","/opt/node-v16.15.1-linux-x64/lib/node_modules/typescript/lib/lib.es2015.collection.d.ts","/opt/node-v16.15.1-linux-x64/lib/node_modules/typescript/lib/lib.es2015.generator.d.ts","/opt/node-v16.15.1-linux-x64/lib/node_modules/typescript/lib/lib.es2015.iterable.d.ts","/opt/node-v16.15.1-linux-x64/lib/node_modules/typescript/lib/lib.es2015.promise.d.ts","/opt/node-v16.15.1-linux-x64/lib/node_modules/typescript/lib/lib.es2015.proxy.d.ts","/opt/node-v16.15.1-linux-x64/lib/node_modules/typescript/lib/lib.es2015.reflect.d.ts","/opt/node-v16.15.1-linux-x64/lib/node_modules/typescript/lib/lib.es2015.symbol.d.ts","/opt/node-v16.15.1-linux-x64/lib/node_modules/typescript/lib/lib.es2015.symbol.wellknown.d.ts","/opt/node-v16.15.1-linux-x64/lib/node_modules/typescript/lib/lib.es2016.array.include.d.ts","/opt/node-v16.15.1-linux-x64/lib/node_modules/typescript/lib/lib.es2016.full.d.ts","/home/xuhui/js/chalk1.js"],"compilerOptions":{"module":1,"target":3,"jsx":1,"allowJs":true,"allowSyntheticDefaultImports":true,"allowNonTsExtensions":true,"noEmitForJsFiles":true,"maxNodeModuleJsDepth":2},"typeAcquisition":{"enable":true,"include":[],"exclude":[]},"unresolvedImports":[],"projectRootPath":"/home/xuhui/js","kind":"discover"}
[14:31:00.559] Explicitly included types: []
[14:31:00.559] Searching for typing names in /home/xuhui/js/node_modules; all files: []
[14:31:00.559]     Found package names: []
[14:31:00.559] Inferred typings from unresolved imports: []
[14:31:00.559] Result: {"cachedTypingPaths":[],"newTypingNames":[],"filesToWatch":["/home/xuhui/js/bower_components","/home/xuhui/js/node_modules"]}
[14:31:00.559] Finished typings discovery: {"cachedTypingPaths":[],"newTypingNames":[],"filesToWatch":["/home/xuhui/js/bower_components","/home/xuhui/js/node_modules"]}
[14:31:00.559] DirectoryWatcher:: Added:: WatchInfo: /home/xuhui/js/bower_components
[14:31:00.559] DirectoryWatcher:: Added:: WatchInfo: /home/xuhui/js/bower_components 1 undefined Project: /dev/null/inferredProject2* watcher already invoked: false
[14:31:00.560] Elapsed:: 0.022069990634918213ms DirectoryWatcher:: Added:: WatchInfo: /home/xuhui/js/bower_components 1 undefined Project: /dev/null/inferredProject2* watcher already invoked: false
[14:31:00.560] DirectoryWatcher:: Added:: WatchInfo: /home/xuhui/js/node_modules
[14:31:00.560] DirectoryWatcher:: Added:: WatchInfo: /home/xuhui/js/node_modules 1 undefined Project: /dev/null/inferredProject2* watcher already invoked: false
[14:31:00.560] Elapsed:: 0.018629997968673706ms DirectoryWatcher:: Added:: WatchInfo: /home/xuhui/js/node_modules 1 undefined Project: /dev/null/inferredProject2* watcher already invoked: false
[14:31:00.560] Sending response:
    {"projectName":"/dev/null/inferredProject2*","typeAcquisition":{"enable":true,"include":[],"exclude":[]},"compilerOptions":{"module":1,"target":3,"jsx":1,"allowJs":true,"allowSyntheticDefaultImports":true,"allowNonTsExtensions":true,"noEmitForJsFiles":true,"maxNodeModuleJsDepth":2},"typings":[],"unresolvedImports":[],"kind":"action::set"}
[14:31:00.560] Response has been sent.
[14:31:00.560] No new typings were requested as a result of typings discovery
[14:34:13.744] Got install request {"projectName":"/dev/null/inferredProject3*","fileNames":["/opt/node-v16.15.1-linux-x64/lib/node_modules/typescript/lib/lib.es5.d.ts","/opt/node-v16.15.1-linux-x64/lib/node_modules/typescript/lib/lib.es2015.d.ts","/opt/node-v16.15.1-linux-x64/lib/node_modules/typescript/lib/lib.es2016.d.ts","/opt/node-v16.15.1-linux-x64/lib/node_modules/typescript/lib/lib.dom.d.ts","/opt/node-v16.15.1-linux-x64/lib/node_modules/typescript/lib/lib.dom.iterable.d.ts","/opt/node-v16.15.1-linux-x64/lib/node_modules/typescript/lib/lib.webworker.importscripts.d.ts","/opt/node-v16.15.1-linux-x64/lib/node_modules/typescript/lib/lib.scripthost.d.ts","/opt/node-v16.15.1-linux-x64/lib/node_modules/typescript/lib/lib.es2015.core.d.ts","/opt/node-v16.15.1-linux-x64/lib/node_modules/typescript/lib/lib.es2015.collection.d.ts","/opt/node-v16.15.1-linux-x64/lib/node_modules/typescript/lib/lib.es2015.generator.d.ts","/opt/node-v16.15.1-linux-x64/lib/node_modules/typescript/lib/lib.es2015.iterable.d.ts","/opt/node-v16.15.1-linux-x64/lib/node_modules/typescript/lib/lib.es2015.promise.d.ts","/opt/node-v16.15.1-linux-x64/lib/node_modules/typescript/lib/lib.es2015.proxy.d.ts","/opt/node-v16.15.1-linux-x64/lib/node_modules/typescript/lib/lib.es2015.reflect.d.ts","/opt/node-v16.15.1-linux-x64/lib/node_modules/typescript/lib/lib.es2015.symbol.d.ts","/opt/node-v16.15.1-linux-x64/lib/node_modules/typescript/lib/lib.es2015.symbol.wellknown.d.ts","/opt/node-v16.15.1-linux-x64/lib/node_modules/typescript/lib/lib.es2016.array.include.d.ts","/opt/node-v16.15.1-linux-x64/lib/node_modules/typescript/lib/lib.es2016.full.d.ts","/home/xuhui/js/chalktest.js"],"compilerOptions":{"module":1,"target":3,"jsx":1,"allowJs":true,"allowSyntheticDefaultImports":true,"allowNonTsExtensions":true,"noEmitForJsFiles":true,"maxNodeModuleJsDepth":2},"typeAcquisition":{"enable":true,"include":[],"exclude":[]},"unresolvedImports":[],"projectRootPath":"/home/xuhui/js","kind":"discover"}
[14:34:13.744] Explicitly included types: []
[14:34:13.744] Searching for typing names in /home/xuhui/js/node_modules; all files: []
[14:34:13.744]     Found package names: []
[14:34:13.744] Inferred typings from unresolved imports: []
[14:34:13.744] Result: {"cachedTypingPaths":[],"newTypingNames":[],"filesToWatch":["/home/xuhui/js/bower_components","/home/xuhui/js/node_modules"]}
[14:34:13.744] Finished typings discovery: {"cachedTypingPaths":[],"newTypingNames":[],"filesToWatch":["/home/xuhui/js/bower_components","/home/xuhui/js/node_modules"]}
[14:34:13.744] DirectoryWatcher:: Added:: WatchInfo: /home/xuhui/js/bower_components
[14:34:13.744] DirectoryWatcher:: Added:: WatchInfo: /home/xuhui/js/bower_components 1 undefined Project: /dev/null/inferredProject3* watcher already invoked: false
[14:34:13.745] Elapsed:: 0.025866001844406128ms DirectoryWatcher:: Added:: WatchInfo: /home/xuhui/js/bower_components 1 undefined Project: /dev/null/inferredProject3* watcher already invoked: false
[14:34:13.745] DirectoryWatcher:: Added:: WatchInfo: /home/xuhui/js/node_modules
[14:34:13.745] DirectoryWatcher:: Added:: WatchInfo: /home/xuhui/js/node_modules 1 undefined Project: /dev/null/inferredProject3* watcher already invoked: false
[14:34:13.745] Elapsed:: 0.016359001398086548ms DirectoryWatcher:: Added:: WatchInfo: /home/xuhui/js/node_modules 1 undefined Project: /dev/null/inferredProject3* watcher already invoked: false
[14:34:13.745] Sending response:
    {"projectName":"/dev/null/inferredProject3*","typeAcquisition":{"enable":true,"include":[],"exclude":[]},"compilerOptions":{"module":1,"target":3,"jsx":1,"allowJs":true,"allowSyntheticDefaultImports":true,"allowNonTsExtensions":true,"noEmitForJsFiles":true,"maxNodeModuleJsDepth":2},"typings":[],"unresolvedImports":[],"kind":"action::set"}
[14:34:13.745] Response has been sent.
[14:34:13.745] No new typings were requested as a result of typings discovery
[14:36:21.809] Got install request {"projectName":"/dev/null/inferredProject4*","fileNames":["/opt/node-v16.15.1-linux-x64/lib/node_modules/typescript/lib/lib.es5.d.ts","/opt/node-v16.15.1-linux-x64/lib/node_modules/typescript/lib/lib.es2015.d.ts","/opt/node-v16.15.1-linux-x64/lib/node_modules/typescript/lib/lib.es2016.d.ts","/opt/node-v16.15.1-linux-x64/lib/node_modules/typescript/lib/lib.dom.d.ts","/opt/node-v16.15.1-linux-x64/lib/node_modules/typescript/lib/lib.dom.iterable.d.ts","/opt/node-v16.15.1-linux-x64/lib/node_modules/typescript/lib/lib.webworker.importscripts.d.ts","/opt/node-v16.15.1-linux-x64/lib/node_modules/typescript/lib/lib.scripthost.d.ts","/opt/node-v16.15.1-linux-x64/lib/node_modules/typescript/lib/lib.es2015.core.d.ts","/opt/node-v16.15.1-linux-x64/lib/node_modules/typescript/lib/lib.es2015.collection.d.ts","/opt/node-v16.15.1-linux-x64/lib/node_modules/typescript/lib/lib.es2015.generator.d.ts","/opt/node-v16.15.1-linux-x64/lib/node_modules/typescript/lib/lib.es2015.iterable.d.ts","/opt/node-v16.15.1-linux-x64/lib/node_modules/typescript/lib/lib.es2015.promise.d.ts","/opt/node-v16.15.1-linux-x64/lib/node_modules/typescript/lib/lib.es2015.proxy.d.ts","/opt/node-v16.15.1-linux-x64/lib/node_modules/typescript/lib/lib.es2015.reflect.d.ts","/opt/node-v16.15.1-linux-x64/lib/node_modules/typescript/lib/lib.es2015.symbol.d.ts","/opt/node-v16.15.1-linux-x64/lib/node_modules/typescript/lib/lib.es2015.symbol.wellknown.d.ts","/opt/node-v16.15.1-linux-x64/lib/node_modules/typescript/lib/lib.es2016.array.include.d.ts","/opt/node-v16.15.1-linux-x64/lib/node_modules/typescript/lib/lib.es2016.full.d.ts","/home/xuhui/js/eventEmitter.js"],"compilerOptions":{"module":1,"target":3,"jsx":1,"allowJs":true,"allowSyntheticDefaultImports":true,"allowNonTsExtensions":true,"noEmitForJsFiles":true,"maxNodeModuleJsDepth":2},"typeAcquisition":{"enable":true,"include":[],"exclude":[]},"unresolvedImports":[],"projectRootPath":"/home/xuhui/js","kind":"discover"}
[14:36:21.810] Explicitly included types: []
[14:36:21.810] Searching for typing names in /home/xuhui/js/node_modules; all files: []
[14:36:21.810]     Found package names: []
[14:36:21.810] Inferred typings from unresolved imports: []
[14:36:21.810] Result: {"cachedTypingPaths":[],"newTypingNames":[],"filesToWatch":["/home/xuhui/js/bower_components","/home/xuhui/js/node_modules"]}
[14:36:21.810] Finished typings discovery: {"cachedTypingPaths":[],"newTypingNames":[],"filesToWatch":["/home/xuhui/js/bower_components","/home/xuhui/js/node_modules"]}
[14:36:21.810] DirectoryWatcher:: Added:: WatchInfo: /home/xuhui/js/bower_components
[14:36:21.810] DirectoryWatcher:: Added:: WatchInfo: /home/xuhui/js/bower_components 1 undefined Project: /dev/null/inferredProject4* watcher already invoked: false
[14:36:21.810] Elapsed:: 0.016132980585098267ms DirectoryWatcher:: Added:: WatchInfo: /home/xuhui/js/bower_components 1 undefined Project: /dev/null/inferredProject4* watcher already invoked: false
[14:36:21.810] DirectoryWatcher:: Added:: WatchInfo: /home/xuhui/js/node_modules
[14:36:21.810] DirectoryWatcher:: Added:: WatchInfo: /home/xuhui/js/node_modules 1 undefined Project: /dev/null/inferredProject4* watcher already invoked: false
[14:36:21.811] Elapsed:: 0.011111021041870117ms DirectoryWatcher:: Added:: WatchInfo: /home/xuhui/js/node_modules 1 undefined Project: /dev/null/inferredProject4* watcher already invoked: false
[14:36:21.811] Sending response:
    {"projectName":"/dev/null/inferredProject4*","typeAcquisition":{"enable":true,"include":[],"exclude":[]},"compilerOptions":{"module":1,"target":3,"jsx":1,"allowJs":true,"allowSyntheticDefaultImports":true,"allowNonTsExtensions":true,"noEmitForJsFiles":true,"maxNodeModuleJsDepth":2},"typings":[],"unresolvedImports":[],"kind":"action::set"}
[14:36:21.811] Response has been sent.
[14:36:21.811] No new typings were requested as a result of typings discovery
